[0m16:56:03.943895 [debug] [MainThread]: Sending event: {'category': 'dbt', 'action': 'invocation', 'label': 'start', 'context': [<snowplow_tracker.self_describing_json.SelfDescribingJson object at 0x0000014E145ED6A0>, <snowplow_tracker.self_describing_json.SelfDescribingJson object at 0x0000014E155EDE20>, <snowplow_tracker.self_describing_json.SelfDescribingJson object at 0x0000014E14F88200>]}


============================== 16:56:03.952404 | 70581356-b87a-42d8-9835-8f08b52c3e33 ==============================
[0m16:56:03.952404 [info ] [MainThread]: Running with dbt=1.11.0-rc2
[0m16:56:03.952404 [debug] [MainThread]: running dbt with arguments {'invocation_command': 'dbt init AIRBNB_Project', 'no_print': 'None', 'write_json': 'True', 'cache_selected_only': 'False', 'log_format': 'default', 'warn_error': 'None', 'log_path': 'logs', 'fail_fast': 'False', 'static_parser': 'True', 'send_anonymous_usage_stats': 'True', 'indirect_selection': 'eager', 'warn_error_options': 'WarnErrorOptionsV2(error=[], warn=[], silence=[])', 'partial_parse': 'True', 'use_experimental_parser': 'False', 'version_check': 'True', 'introspect': 'True', 'quiet': 'False', 'empty': 'None', 'log_cache_events': 'False', 'debug': 'False', 'profiles_dir': 'C:\\Users\\AdityaPatil\\.dbt', 'use_colors': 'True', 'printer_width': '80', 'target_path': 'None'}
[0m16:56:04.005139 [info ] [MainThread]: Creating dbt configuration folder at C:\Users\AdityaPatil\.dbt
[0m16:56:04.012366 [debug] [MainThread]: Starter project path: C:\Users\AdityaPatil\Documents\TKO_Group\dbt\dbtvenv\Lib\site-packages\dbt\include\starter_project
[0m16:56:04.089537 [info ] [MainThread]: 
Your new dbt project "AIRBNB_Project" was created!

For more information on how to configure the profiles.yml file,
please consult the dbt documentation here:

  https://docs.getdbt.com/docs/configure-your-profile

One more thing:

Need help? Don't hesitate to reach out to us via GitHub issues or on Slack:

  https://community.getdbt.com/

Happy modeling!

[0m16:56:04.090564 [info ] [MainThread]: Setting up your profile.
[0m16:56:20.924959 [debug] [MainThread]: Snowflake adapter: Setting snowflake.connector to ERROR (file logging only)
[0m16:56:20.925966 [debug] [MainThread]: Snowflake adapter: Setting botocore to ERROR (file logging only)
[0m16:56:20.925966 [debug] [MainThread]: Snowflake adapter: Setting boto3 to ERROR (file logging only)
[0m17:02:13.734332 [info ] [MainThread]: Profile AIRBNB_Project written to C:\Users\AdityaPatil\.dbt\profiles.yml using target's profile_template.yml and your supplied values. Run 'dbt debug' to validate the connection.
[0m17:02:13.735670 [debug] [MainThread]: Command `dbt init` succeeded at 17:02:13.735670 after 370.58 seconds
[0m17:02:13.735670 [debug] [MainThread]: Sending event: {'category': 'dbt', 'action': 'invocation', 'label': 'end', 'context': [<snowplow_tracker.self_describing_json.SelfDescribingJson object at 0x0000014E1782A5A0>, <snowplow_tracker.self_describing_json.SelfDescribingJson object at 0x0000014E17D7E000>, <snowplow_tracker.self_describing_json.SelfDescribingJson object at 0x0000014E1A30E150>]}
[0m17:02:13.736758 [debug] [MainThread]: Flushing usage events
[0m17:02:15.022487 [debug] [MainThread]: An error was encountered while trying to flush usage events
[0m17:35:54.740466 [debug] [MainThread]: Got an exception trying to initialize tracking


============================== 17:35:55.631261 | 414c1eb0-781b-45b6-956c-ce8bf558630b ==============================
[0m17:35:55.631261 [info ] [MainThread]: Running with dbt=1.11.0-rc2
[0m17:35:55.632325 [debug] [MainThread]: running dbt with arguments {'write_json': 'True', 'profiles_dir': 'C:\\Users\\AdityaPatil\\.dbt', 'use_colors': 'True', 'no_print': 'None', 'cache_selected_only': 'False', 'warn_error': 'None', 'indirect_selection': 'eager', 'partial_parse': 'True', 'static_parser': 'True', 'send_anonymous_usage_stats': 'True', 'log_path': 'logs', 'warn_error_options': 'WarnErrorOptionsV2(error=[], warn=[], silence=[])', 'fail_fast': 'False', 'use_experimental_parser': 'False', 'version_check': 'True', 'quiet': 'False', 'introspect': 'True', 'empty': 'None', 'log_cache_events': 'False', 'debug': 'False', 'log_format': 'default', 'invocation_command': 'dbt debug', 'printer_width': '80', 'target_path': 'None'}
[0m17:35:55.681970 [info ] [MainThread]: dbt version: 1.11.0-rc2
[0m17:35:55.683171 [info ] [MainThread]: python version: 3.12.10
[0m17:35:55.684204 [info ] [MainThread]: python path: C:\Users\AdityaPatil\Documents\TKO_Group\dbt\dbtvenv\Scripts\python.exe
[0m17:35:55.684804 [info ] [MainThread]: os info: Windows-11-10.0.26100-SP0
[0m17:35:56.420669 [debug] [MainThread]: Snowflake adapter: Setting snowflake.connector to ERROR (file logging only)
[0m17:35:56.420669 [debug] [MainThread]: Snowflake adapter: Setting botocore to ERROR (file logging only)
[0m17:35:56.420669 [debug] [MainThread]: Snowflake adapter: Setting boto3 to ERROR (file logging only)
[0m17:35:56.485038 [info ] [MainThread]: Using profiles dir at C:\Users\AdityaPatil\.dbt
[0m17:35:56.485038 [info ] [MainThread]: Using profiles.yml file at C:\Users\AdityaPatil\.dbt\profiles.yml
[0m17:35:56.486120 [info ] [MainThread]: Using dbt_project.yml file at C:\Users\AdityaPatil\Documents\TKO_Group\dbt\dbt_project.yml
[0m17:35:56.488267 [info ] [MainThread]: adapter type: snowflake
[0m17:35:56.488267 [info ] [MainThread]: adapter version: 1.10.3
[0m17:35:56.489413 [info ] [MainThread]: Configuration:
[0m17:35:56.489413 [info ] [MainThread]:   profiles.yml file [[32mOK found and valid[0m]
[0m17:35:56.489413 [info ] [MainThread]:   dbt_project.yml file [[31mERROR not found[0m]
[0m17:35:56.490488 [info ] [MainThread]: Required dependencies:
[0m17:35:56.490488 [debug] [MainThread]: Executing "git --help"
[0m17:35:56.493748 [info ] [MainThread]:  - git [[31mERROR[0m]

[0m17:35:56.493748 [info ] [MainThread]: Connection:
[0m17:35:56.494806 [info ] [MainThread]:   account: HHQQNYN-YY19288.snowflakecomputing.com
[0m17:35:56.494806 [info ] [MainThread]:   user: dbt
[0m17:35:56.494806 [info ] [MainThread]:   database: AIRBNB
[0m17:35:56.495844 [info ] [MainThread]:   warehouse: COMPUTE_WH
[0m17:35:56.495844 [info ] [MainThread]:   role: TRANSFORM
[0m17:35:56.495844 [info ] [MainThread]:   schema: DEV
[0m17:35:56.496985 [info ] [MainThread]:   authenticator: None
[0m17:35:56.496985 [info ] [MainThread]:   oauth_client_id: None
[0m17:35:56.496985 [info ] [MainThread]:   query_tag: None
[0m17:35:56.498027 [info ] [MainThread]:   client_session_keep_alive: False
[0m17:35:56.498027 [info ] [MainThread]:   host: None
[0m17:35:56.498027 [info ] [MainThread]:   port: None
[0m17:35:56.499078 [info ] [MainThread]:   proxy_host: None
[0m17:35:56.499523 [info ] [MainThread]:   proxy_port: None
[0m17:35:56.499523 [info ] [MainThread]:   protocol: None
[0m17:35:56.500558 [info ] [MainThread]:   connect_retries: 1
[0m17:35:56.500558 [info ] [MainThread]:   connect_timeout: None
[0m17:35:56.501627 [info ] [MainThread]:   retry_on_database_errors: False
[0m17:35:56.502633 [info ] [MainThread]:   retry_all: False
[0m17:35:56.502633 [info ] [MainThread]:   insecure_mode: False
[0m17:35:56.503638 [info ] [MainThread]:   reuse_connections: True
[0m17:35:56.504883 [info ] [MainThread]:   s3_stage_vpce_dns_name: None
[0m17:35:56.504883 [info ] [MainThread]:   platform_detection_timeout_seconds: 0.0
[0m17:35:56.505888 [info ] [MainThread]: Registered adapter: snowflake=1.10.3
[0m17:35:56.854903 [debug] [MainThread]: Acquiring new snowflake connection 'debug'
[0m17:35:57.733858 [debug] [MainThread]: Using snowflake connection "debug"
[0m17:35:57.733858 [debug] [MainThread]: On debug: select 1 as id
[0m17:35:57.734578 [debug] [MainThread]: Opening a new connection, currently in state init
[0m17:35:57.740904 [debug] [MainThread]: Snowflake adapter: Error running SQL: select 1 as id
[0m17:35:57.740904 [debug] [MainThread]: Snowflake adapter: Rolling back transaction.
[0m17:35:57.742010 [info ] [MainThread]:   Connection test: [[31mERROR[0m]

[0m17:35:57.743101 [info ] [MainThread]: [31m3 checks failed:[0m
[0m17:35:57.743388 [info ] [MainThread]: Project loading failed for the following reason:
 project path <C:\Users\AdityaPatil\Documents\TKO_Group\dbt\dbt_project.yml> not found

[0m17:35:57.743903 [info ] [MainThread]: Error from git --help: Could not find command, ensure it is in the user's PATH and that the user has permissions to run it: "git"

[0m17:35:57.744479 [info ] [MainThread]: dbt was unable to connect to the specified database.
The database returned the following error:

  >Database Error
  Password was given but private key is not encrypted.

Check your database credentials and try again. For more information, visit:
https://docs.getdbt.com/docs/configure-your-profile


[0m17:35:57.745482 [debug] [MainThread]: Command `dbt debug` failed at 17:35:57.745482 after 3.05 seconds
[0m17:35:57.745482 [debug] [MainThread]: Connection 'debug' was left open.
[0m17:35:57.745482 [debug] [MainThread]: On debug: No close available on handle
[0m17:35:57.745482 [debug] [MainThread]: Flushing usage events
